<?xml version="1.0" encoding="UTF-8"?>
<!-- Generated by org.testng.reporters.JUnitReportReporter -->
<testsuite hostname="LAPTOP-UAN68A53" failures="0" tests="2" name="EndtoEnd.standalonejasondata" time="20.004" errors="0" timestamp="2022-09-07T18:19:21 PDT" skipped="0">
  <testcase classname="EndtoEnd.standalonejasondata" name="Mainordersubmit" time="9.406"/>
  <system-out/>
  <testcase classname="EndtoEnd.standalonejasondata" name="Mainordersubmit" time="10.598"/>
  <system-out/>
</testsuite> <!-- EndtoEnd.standalonejasondata -->
