<?xml version="1.0" encoding="UTF-8"?>
<!-- Generated by org.testng.reporters.JUnitReportReporter -->
<testsuite hostname="LAPTOP-UAN68A53" failures="0" tests="4" name="EndtoEnd.standalone" time="36.473" errors="0" timestamp="2022-09-07T18:39:04 PDT" skipped="0">
  <testcase classname="EndtoEnd.standalone" name="Myorders" time="6.179"/>
  <system-out/>
  <testcase classname="EndtoEnd.standalone" name="Myorders" time="9.560"/>
  <system-out/>
  <testcase classname="EndtoEnd.standalone" name="Mainordersubmit" time="11.338"/>
  <system-out/>
  <testcase classname="EndtoEnd.standalone" name="Mainordersubmit" time="9.396"/>
  <system-out/>
</testsuite> <!-- EndtoEnd.standalone -->
