<?xml version="1.0" encoding="UTF-8"?>
<!-- Generated by org.testng.reporters.JUnitReportReporter -->
<testsuite hostname="LAPTOP-UAN68A53" failures="0" tests="4" name="Cucumber.TestNGTestRunner" time="33.402" errors="0" timestamp="2022-09-13T16:32:33 PDT" skipped="0">
  <testcase classname="Cucumber.TestNGTestRunner" name="runScenario" time="6.552"/>
  <system-out/>
  <testcase classname="Cucumber.TestNGTestRunner" name="runScenario" time="9.412"/>
  <system-out/>
  <testcase classname="Cucumber.TestNGTestRunner" name="runScenario" time="7.720"/>
  <system-out/>
  <testcase classname="Cucumber.TestNGTestRunner" name="runScenario" time="9.718"/>
  <system-out/>
</testsuite> <!-- Cucumber.TestNGTestRunner -->
