<?xml version="1.0" encoding="UTF-8"?>
<!-- Generated by org.testng.reporters.JUnitReportReporter -->
<testsuite hostname="LAPTOP-UAN68A53" failures="0" tests="6" name="EndtoEnd.standalonejasondata" time="49.322" errors="0" timestamp="2022-09-14T14:10:00 PDT" skipped="0">
  <testcase classname="EndtoEnd.standalonejasondata" name="Mainordersubmit" time="9.523"/>
  <system-out/>
  <testcase classname="EndtoEnd.standalonejasondata" name="Myorders" time="6.461"/>
  <system-out/>
  <testcase classname="EndtoEnd.standalonejasondata" name="Mainordersubmit" time="10.917"/>
  <system-out/>
  <testcase classname="EndtoEnd.standalonejasondata" name="Myorders" time="6.397"/>
  <system-out/>
  <testcase classname="EndtoEnd.standalonejasondata" name="Mainordersubmit" time="9.510"/>
  <system-out/>
  <testcase classname="EndtoEnd.standalonejasondata" name="Myorders" time="6.514"/>
  <system-out/>
</testsuite> <!-- EndtoEnd.standalonejasondata -->
