<?xml version="1.0" encoding="UTF-8"?>
<!-- Generated by org.testng.reporters.JUnitReportReporter -->
<testsuite hostname="LAPTOP-UAN68A53" failures="0" tests="6" name="EndtoEnd.standalonejasondata" time="49.794" errors="0" timestamp="2022-09-14T13:58:55 PDT" skipped="0">
  <testcase classname="EndtoEnd.standalonejasondata" name="Mainordersubmit" time="9.424"/>
  <system-out/>
  <testcase classname="EndtoEnd.standalonejasondata" name="Mainordersubmit" time="11.049"/>
  <system-out/>
  <testcase classname="EndtoEnd.standalonejasondata" name="Myorders" time="6.504"/>
  <system-out/>
  <testcase classname="EndtoEnd.standalonejasondata" name="Myorders" time="6.604"/>
  <system-out/>
  <testcase classname="EndtoEnd.standalonejasondata" name="Myorders" time="6.514"/>
  <system-out/>
  <testcase classname="EndtoEnd.standalonejasondata" name="Mainordersubmit" time="9.699"/>
  <system-out/>
</testsuite> <!-- EndtoEnd.standalonejasondata -->
