<?xml version="1.0" encoding="UTF-8"?>
<!-- Generated by org.testng.reporters.JUnitReportReporter -->
<testsuite hostname="LAPTOP-UAN68A53" failures="0" tests="4" name="Cucumber.TestRunner" time="32.095" errors="0" timestamp="2022-09-13T15:59:42 PDT" skipped="0">
  <testcase classname="Cucumber.TestRunner" name="runScenario" time="9.102"/>
  <system-out/>
  <testcase classname="Cucumber.TestRunner" name="runScenario" time="6.386"/>
  <system-out/>
  <testcase classname="Cucumber.TestRunner" name="runScenario" time="7.521"/>
  <system-out/>
  <testcase classname="Cucumber.TestRunner" name="runScenario" time="9.086"/>
  <system-out/>
</testsuite> <!-- Cucumber.TestRunner -->
