<?xml version="1.0" encoding="UTF-8"?>
<!-- Generated by org.testng.reporters.JUnitReportReporter -->
<testsuite hostname="LAPTOP-UAN68A53" failures="0" tests="4" name="EndtoEnd.standalone" time="35.251" errors="0" timestamp="2022-09-13T18:15:40 PDT" skipped="0">
  <testcase classname="EndtoEnd.standalone" name="Mainordersubmit" time="12.028"/>
  <system-out/>
  <testcase classname="EndtoEnd.standalone" name="Myorders" time="6.602"/>
  <system-out/>
  <testcase classname="EndtoEnd.standalone" name="Myorders" time="6.819"/>
  <system-out/>
  <testcase classname="EndtoEnd.standalone" name="Mainordersubmit" time="9.802"/>
  <system-out/>
</testsuite> <!-- EndtoEnd.standalone -->
