<?xml version="1.0" encoding="UTF-8"?>
<!-- Generated by org.testng.reporters.JUnitReportReporter -->
<testsuite hostname="LAPTOP-UAN68A53" failures="0" tests="4" name="Cucumber.RunnerTest" time="41.561" errors="0" timestamp="2022-09-14T12:14:30 PDT" skipped="0">
  <testcase classname="Cucumber.RunnerTest" name="runScenario" time="11.702"/>
  <system-out/>
  <testcase classname="Cucumber.RunnerTest" name="runScenario" time="11.127"/>
  <system-out/>
  <testcase classname="Cucumber.RunnerTest" name="runScenario" time="10.696"/>
  <system-out/>
  <testcase classname="Cucumber.RunnerTest" name="runScenario" time="8.036"/>
  <system-out/>
</testsuite> <!-- Cucumber.RunnerTest -->
