<?xml version="1.0" encoding="UTF-8"?>
<!-- Generated by org.testng.reporters.JUnitReportReporter -->
<testsuite hostname="LAPTOP-UAN68A53" failures="0" tests="2" name="EndtoEnd.standalonehashmap" time="22.196" errors="0" timestamp="2022-09-13T18:10:23 PDT" skipped="0">
  <testcase classname="EndtoEnd.standalonehashmap" name="Mainordersubmit" time="12.003"/>
  <system-out/>
  <testcase classname="EndtoEnd.standalonehashmap" name="Mainordersubmit" time="10.193"/>
  <system-out/>
</testsuite> <!-- EndtoEnd.standalonehashmap -->
