<?xml version="1.0" encoding="UTF-8"?>
<!-- Generated by org.testng.reporters.JUnitReportReporter -->
<testsuite hostname="LAPTOP-UAN68A53" failures="0" tests="4" name="Cucumber.RunnerTest" time="38.070" errors="0" timestamp="2022-09-13T18:11:32 PDT" skipped="0">
  <testcase classname="Cucumber.RunnerTest" name="runScenario" time="9.932"/>
  <system-out/>
  <testcase classname="Cucumber.RunnerTest" name="runScenario" time="8.022"/>
  <system-out/>
  <testcase classname="Cucumber.RunnerTest" name="runScenario" time="9.592"/>
  <system-out/>
  <testcase classname="Cucumber.RunnerTest" name="runScenario" time="10.524"/>
  <system-out/>
</testsuite> <!-- Cucumber.RunnerTest -->
