<?xml version="1.0" encoding="UTF-8"?>
<!-- Generated by org.testng.reporters.JUnitReportReporter -->
<testsuite hostname="LAPTOP-UAN68A53" failures="0" tests="4" name="EndtoEnd.standalone" time="31.902" errors="0" timestamp="2022-09-14T18:16:36 PDT" skipped="0">
  <testcase classname="EndtoEnd.standalone" name="Myorders" time="6.176"/>
  <system-out/>
  <testcase classname="EndtoEnd.standalone" name="Mainordersubmit" time="8.760"/>
  <system-out/>
  <testcase classname="EndtoEnd.standalone" name="Myorders" time="6.717"/>
  <system-out/>
  <testcase classname="EndtoEnd.standalone" name="Mainordersubmit" time="10.249"/>
  <system-out/>
</testsuite> <!-- EndtoEnd.standalone -->
